<?xml version="1.0" encoding="UTF-8"?>
<!-- Generated by org.testng.reporters.JUnitReportReporter -->
<testsuite hostname="DESKTOP-K1SDGBA" name="com.tt.admin.TC_RoomHierarchy" tests="1" failures="0" timestamp="7 Dec 2020 12:38:47 GMT" time="13.183" errors="0">
  <testcase name="createRoomType" time="13.183" classname="com.tt.admin.TC_RoomHierarchy"/>
</testsuite> <!-- com.tt.admin.TC_RoomHierarchy -->
