<?xml version="1.0" encoding="UTF-8"?>
<!-- Generated by org.testng.reporters.JUnitReportReporter -->
<testsuite hostname="DESKTOP-K1SDGBA" name="com.tt.BE.TC_IBE_Config_Standard" tests="1" failures="0" timestamp="8 Dec 2020 11:16:12 GMT" time="24.140" errors="0">
  <testcase name="StandardFlow" time="24.140" classname="com.tt.BE.TC_IBE_Config_Standard"/>
</testsuite> <!-- com.tt.BE.TC_IBE_Config_Standard -->
