<?xml version="1.0" encoding="UTF-8"?>
<!-- Generated by org.testng.reporters.JUnitReportReporter -->
<testsuite hostname="DESKTOP-K1SDGBA" name="com.tt.admin.TC_ManageAccessCode" tests="1" failures="0" timestamp="8 Dec 2020 03:50:03 GMT" time="67.059" errors="0">
  <testcase name="crteMAC" time="67.059" classname="com.tt.admin.TC_ManageAccessCode"/>
</testsuite> <!-- com.tt.admin.TC_ManageAccessCode -->
