<?xml version="1.0" encoding="UTF-8"?>
<!-- Generated by org.testng.reporters.JUnitReportReporter -->
<testsuite hostname="DESKTOP-K1SDGBA" name="com.tt.admin.TC_PaymentGateway" tests="1" failures="0" timestamp="7 Dec 2020 07:42:18 GMT" time="3.141" errors="0">
  <testcase name="createPaymentGateway" time="3.141" classname="com.tt.admin.TC_PaymentGateway"/>
</testsuite> <!-- com.tt.admin.TC_PaymentGateway -->
