<?xml version="1.0" encoding="UTF-8"?>
<!-- Generated by org.testng.reporters.JUnitReportReporter -->
<testsuite hostname="DESKTOP-K1SDGBA" name="com.tt.admin.TC_TaxesAndFees" tests="2" failures="0" timestamp="7 Dec 2020 07:42:18 GMT" time="18.428" errors="0">
  <testcase name="testTaxesAndFees" time="9.603" classname="com.tt.admin.TC_TaxesAndFees"/>
  <testcase name="testTaxesAndFees" time="8.825" classname="com.tt.admin.TC_TaxesAndFees"/>
</testsuite> <!-- com.tt.admin.TC_TaxesAndFees -->
