<?xml version="1.0" encoding="UTF-8"?>
<!-- Generated by org.testng.reporters.JUnitReportReporter -->
<testsuite hostname="DESKTOP-K1SDGBA" name="com.tt.admin.TC_Brand_Selection" tests="1" failures="0" timestamp="8 Dec 2020 14:05:36 GMT" time="49.543" errors="0">
  <testcase name="brandSelection" time="49.543" classname="com.tt.admin.TC_Brand_Selection"/>
</testsuite> <!-- com.tt.admin.TC_Brand_Selection -->
