<?xml version="1.0" encoding="UTF-8"?>
<!-- Generated by org.testng.reporters.JUnitReportReporter -->
<testsuite hostname="DESKTOP-K1SDGBA" name="com.tt.admin.TC_AboutNearAttractions" tests="1" failures="0" timestamp="7 Dec 2020 07:42:17 GMT" time="7.263" errors="0">
  <testcase name="nearbyAttraction" time="7.263" classname="com.tt.admin.TC_AboutNearAttractions"/>
</testsuite> <!-- com.tt.admin.TC_AboutNearAttractions -->
