<?xml version="1.0" encoding="UTF-8"?>
<!-- Generated by org.testng.reporters.JUnitReportReporter -->
<testsuite hostname="DESKTOP-K1SDGBA" name="com.tt.admin.TC_Add_NewProperty" tests="1" failures="0" timestamp="7 Dec 2020 05:51:35 GMT" time="15.342" errors="0">
  <testcase name="addNewProperty" time="15.342" classname="com.tt.admin.TC_Add_NewProperty"/>
</testsuite> <!-- com.tt.admin.TC_Add_NewProperty -->
