<?xml version="1.0" encoding="UTF-8"?>
<!-- Generated by org.testng.reporters.JUnitReportReporter -->
<testsuite hostname="DESKTOP-K1SDGBA" name="com.tt.admin.TC_Add_Ons" tests="2" failures="0" timestamp="8 Dec 2020 13:53:09 GMT" time="33.278" errors="0">
  <testcase name="crteAddOns" time="17.221" classname="com.tt.admin.TC_Add_Ons"/>
  <testcase name="crteAddOns" time="16.057" classname="com.tt.admin.TC_Add_Ons"/>
</testsuite> <!-- com.tt.admin.TC_Add_Ons -->
