<?xml version="1.0" encoding="UTF-8"?>
<!-- Generated by org.testng.reporters.JUnitReportReporter -->
<testsuite hostname="DESKTOP-K1SDGBA" name="com.tt.admin.TC_GuestPQ" tests="2" failures="0" timestamp="7 Dec 2020 07:42:17 GMT" time="22.257" errors="0">
  <testcase name="guestPQ" time="10.816" classname="com.tt.admin.TC_GuestPQ"/>
  <testcase name="guestPQ" time="11.441" classname="com.tt.admin.TC_GuestPQ"/>
</testsuite> <!-- com.tt.admin.TC_GuestPQ -->
