<?xml version="1.0" encoding="UTF-8"?>
<!-- Generated by org.testng.reporters.JUnitReportReporter -->
<testsuite hostname="DESKTOP-K1SDGBA" name="Reusable_BE.TC_CallCenter_New_Modify_CancelBooking" tests="2" failures="0" timestamp="8 Dec 2020 12:46:14 GMT" time="609.188" errors="0">
  <testcase name="Rates" time="137.233" classname="Reusable_BE.TC_CallCenter_New_Modify_CancelBooking"/>
  <testcase name="Callcenter" time="471.955" classname="Reusable_BE.TC_CallCenter_New_Modify_CancelBooking"/>
</testsuite> <!-- Reusable_BE.TC_CallCenter_New_Modify_CancelBooking -->
