<?xml version="1.0" encoding="UTF-8"?>
<!-- Generated by org.testng.reporters.JUnitReportReporter -->
<testsuite hostname="DESKTOP-K1SDGBA" name="com.tt.admin.TC_Property_Branding" tests="1" failures="0" timestamp="7 Dec 2020 07:30:25 GMT" time="29.625" errors="0">
  <testcase name="test" time="29.625" classname="com.tt.admin.TC_Property_Branding"/>
</testsuite> <!-- com.tt.admin.TC_Property_Branding -->
