<?xml version="1.0" encoding="UTF-8"?>
<!-- Generated by org.testng.reporters.JUnitReportReporter -->
<testsuite hostname="DESKTOP-K1SDGBA" name="com.tt.admin.TC_PropertyMaster" tests="1" failures="0" timestamp="8 Dec 2020 07:28:20 GMT" time="38.506" errors="0">
  <testcase name="addNewProperty_Master" time="38.506" classname="com.tt.admin.TC_PropertyMaster"/>
</testsuite> <!-- com.tt.admin.TC_PropertyMaster -->
