<?xml version="1.0" encoding="UTF-8"?>
<!-- Generated by org.testng.reporters.JUnitReportReporter -->
<testsuite hostname="DESKTOP-K1SDGBA" name="com.tt.admin.TC_Admin_Login" tests="1" failures="0" timestamp="8 Dec 2020 14:05:36 GMT" time="6.727" errors="0">
  <testcase name="test" time="6.727" classname="com.tt.admin.TC_Admin_Login"/>
</testsuite> <!-- com.tt.admin.TC_Admin_Login -->
