<?xml version="1.0" encoding="UTF-8"?>
<!-- Generated by org.testng.reporters.JUnitReportReporter -->
<testsuite hostname="DESKTOP-K1SDGBA" name="com.tt.BE.TC_Multiroom" tests="2" failures="0" timestamp="8 Dec 2020 12:03:46 GMT" time="208.153" errors="0">
  <testcase name="Flow" time="98.290" classname="com.tt.BE.TC_Multiroom"/>
  <testcase name="rategrid" time="109.863" classname="com.tt.BE.TC_Multiroom"/>
</testsuite> <!-- com.tt.BE.TC_Multiroom -->
