<?xml version="1.0" encoding="UTF-8"?>
<!-- Generated by org.testng.reporters.JUnitReportReporter -->
<testsuite hostname="DESKTOP-K1SDGBA" name="com.tt.admin.TC_Amenties" tests="3" failures="0" timestamp="7 Dec 2020 07:42:17 GMT" time="36.933" errors="0">
  <testcase name="amenities" time="12.406" classname="com.tt.admin.TC_Amenties"/>
  <testcase name="amenities" time="12.226" classname="com.tt.admin.TC_Amenties"/>
  <testcase name="amenities" time="12.301" classname="com.tt.admin.TC_Amenties"/>
</testsuite> <!-- com.tt.admin.TC_Amenties -->
