<?xml version="1.0" encoding="UTF-8"?>
<!-- Generated by org.testng.reporters.JUnitReportReporter -->
<testsuite hostname="DESKTOP-K1SDGBA" name="com.tt.admin.TC_SpecialRate_dates" tests="1" failures="0" timestamp="9 Dec 2020 05:43:52 GMT" time="197.418" errors="0">
  <testcase name="specialrateplan" time="197.418" classname="com.tt.admin.TC_SpecialRate_dates"/>
</testsuite> <!-- com.tt.admin.TC_SpecialRate_dates -->
