<?xml version="1.0" encoding="UTF-8"?>
<!-- Generated by org.testng.reporters.JUnitReportReporter -->
<testsuite hostname="DESKTOP-K1SDGBA" name="com.tt.admin.TC_RatePlanCategories" tests="3" failures="0" timestamp="8 Dec 2020 03:50:03 GMT" time="78.248" errors="0">
  <testcase name="center" time="25.371" classname="com.tt.admin.TC_RatePlanCategories"/>
  <testcase name="center" time="25.467" classname="com.tt.admin.TC_RatePlanCategories"/>
  <testcase name="center" time="27.410" classname="com.tt.admin.TC_RatePlanCategories"/>
</testsuite> <!-- com.tt.admin.TC_RatePlanCategories -->
