<?xml version="1.0" encoding="UTF-8"?>
<!-- Generated by org.testng.reporters.JUnitReportReporter -->
<testsuite hostname="DESKTOP-K1SDGBA" name="com.tt.admin.TC_AboutPRoom" tests="1" failures="0" timestamp="7 Dec 2020 07:42:18 GMT" time="55.498" errors="0">
  <testcase name="propertyRoom" time="55.498" classname="com.tt.admin.TC_AboutPRoom"/>
</testsuite> <!-- com.tt.admin.TC_AboutPRoom -->
