<?xml version="1.0" encoding="UTF-8"?>
<!-- Generated by org.testng.reporters.JUnitReportReporter -->
<testsuite hostname="DESKTOP-K1SDGBA" name="com.tt.admin.TC_SmartPolicies" tests="1" failures="0" timestamp="7 Dec 2020 07:47:17 GMT" time="24.814" errors="0">
  <testcase name="crteSmartPolicy" time="24.814" classname="com.tt.admin.TC_SmartPolicies"/>
</testsuite> <!-- com.tt.admin.TC_SmartPolicies -->
