<?xml version="1.0" encoding="UTF-8"?>
<!-- Generated by org.testng.reporters.JUnitReportReporter -->
<testsuite hostname="DESKTOP-K1SDGBA" name="com.tt.admin.TC_AddNewBrand" tests="1" failures="0" timestamp="7 Dec 2020 05:51:35 GMT" time="40.344" errors="0">
  <testcase name="newBrand" time="40.344" classname="com.tt.admin.TC_AddNewBrand"/>
</testsuite> <!-- com.tt.admin.TC_AddNewBrand -->
