<?xml version="1.0" encoding="UTF-8"?>
<!-- Generated by org.testng.reporters.JUnitReportReporter -->
<testsuite hostname="DESKTOP-K1SDGBA" name="com.tt.admin.TC_PropertyDefaults" tests="1" failures="0" timestamp="7 Dec 2020 07:30:25 GMT" time="13.701" errors="0">
  <testcase name="addNewProperty_Default" time="13.701" classname="com.tt.admin.TC_PropertyDefaults"/>
</testsuite> <!-- com.tt.admin.TC_PropertyDefaults -->
