<?xml version="1.0" encoding="UTF-8"?>
<!-- Generated by org.testng.reporters.JUnitReportReporter -->
<testsuite hostname="DESKTOP-K1SDGBA" name="com.tt.admin.TC_AddNewRatePlan" tests="1" failures="0" timestamp="8 Dec 2020 03:50:03 GMT" time="100.473" errors="0">
  <testcase name="center" time="100.473" classname="com.tt.admin.TC_AddNewRatePlan"/>
</testsuite> <!-- com.tt.admin.TC_AddNewRatePlan -->
