<?xml version="1.0" encoding="UTF-8"?>
<!-- Generated by org.testng.reporters.JUnitReportReporter -->
<testsuite hostname="DESKTOP-K1SDGBA" name="com.tt.BE.TC_MultiProperty" tests="1" failures="0" timestamp="8 Dec 2020 12:11:45 GMT" time="124.626" errors="0">
  <testcase name="flow" time="124.626" classname="com.tt.BE.TC_MultiProperty"/>
</testsuite> <!-- com.tt.BE.TC_MultiProperty -->
