<?xml version="1.0" encoding="UTF-8"?>
<!-- Generated by org.testng.reporters.JUnitReportReporter -->
<testsuite hostname="DESKTOP-K1SDGBA" name="com.tt.admin.TC_NearByAttraction" tests="1" failures="0" timestamp="7 Dec 2020 08:52:33 GMT" time="9.744" errors="0">
  <testcase name="crteNearByAttract" time="9.744" classname="com.tt.admin.TC_NearByAttraction"/>
</testsuite> <!-- com.tt.admin.TC_NearByAttraction -->
