<?xml version="1.0" encoding="UTF-8"?>
<!-- Generated by org.testng.reporters.JUnitReportReporter -->
<testsuite hostname="DESKTOP-K1SDGBA" name="com.tt.admin.TC_Select_Property" tests="1" failures="0" timestamp="8 Dec 2020 14:05:36 GMT" time="6.566" errors="0">
  <testcase name="selProperty" time="6.566" classname="com.tt.admin.TC_Select_Property"/>
</testsuite> <!-- com.tt.admin.TC_Select_Property -->
