<?xml version="1.0" encoding="UTF-8"?>
<!-- Generated by org.testng.reporters.JUnitReportReporter -->
<testsuite hostname="DESKTOP-K1SDGBA" name="com.tt.admin.TC_Create_RoomType" tests="6" failures="0" timestamp="7 Dec 2020 12:38:47 GMT" time="142.415" errors="0">
  <testcase name="createRoomType" time="21.932" classname="com.tt.admin.TC_Create_RoomType"/>
  <testcase name="createRoomType" time="19.908" classname="com.tt.admin.TC_Create_RoomType"/>
  <testcase name="createRoomType" time="24.696" classname="com.tt.admin.TC_Create_RoomType"/>
  <testcase name="createRoomType" time="29.197" classname="com.tt.admin.TC_Create_RoomType"/>
  <testcase name="createRoomType" time="21.700" classname="com.tt.admin.TC_Create_RoomType"/>
  <testcase name="createRoomType" time="24.982" classname="com.tt.admin.TC_Create_RoomType"/>
</testsuite> <!-- com.tt.admin.TC_Create_RoomType -->
